<?xml version="1.0" encoding="UTF-8"?>
<!-- Generated by org.testng.reporters.JUnitXMLReporter -->
<testsuite ignored="2" hostname="LAPTOP-IDB23VB0" failures="0" tests="0" time="0.009" errors="0" timestamp="2023-01-19T17:01:39 IST">
  <testcase classname="interviewPrograms.TestingPractice1" name="Test___AddCustomer" time="0.0">
    <ignored/>
  </testcase> <!-- Test___AddCustomer -->
  <testcase classname="interviewPrograms.TestingPractice1" name="Test___Registration" time="0.0">
    <ignored/>
  </testcase> <!-- Test___Registration -->
</testsuite>
