<?xml version="1.0" encoding="UTF-8"?>
<!-- Generated by org.testng.reporters.JUnitXMLReporter -->
<testsuite ignored="0" hostname="LAPTOP-IDB23VB0" failures="0" tests="4" name="Test" time="0.032" errors="0" timestamp="2023-01-12T06:55:46 IST">
  <testcase classname="testNG.Annonations" name="TestNgMethod" time="0.003"/>
  <testcase classname="testNG.Annonations" name="TestNgMethod1" time="0.001"/>
  <testcase classname="testNG.Annonations2" name="Login" time="0.0"/>
  <testcase classname="testNG.Annonations2" name="signup" time="0.0"/>
</testsuite> <!-- Test -->
