<?xml version="1.0" encoding="UTF-8"?>
<!-- Generated by org.testng.reporters.JUnitXMLReporter -->
<testsuite ignored="1" hostname="LAPTOP-IDB23VB0" failures="0" tests="2" name="TestAnnotation" time="0.049" errors="0" timestamp="2023-02-10T17:32:47 IST">
  <testcase classname="allseleniumprograms.PracticeTest" name="regression" time="0.008"/>
  <testcase classname="allseleniumprograms.PracticeTest" name="sanity" time="0.002"/>
  <testcase classname="allseleniumprograms.PracticeTest" name="smoke" time="0.0">
    <ignored/>
  </testcase> <!-- smoke -->
</testsuite> <!-- TestAnnotation -->
